[0.006s][info][gc,init] CardTable entry size: 512
[0.006s][info][gc     ] Using G1
[0.013s][info][gc,init] Version: 21.0.1+12-LTS (release)
[0.013s][info][gc,init] CPUs: 32 total, 32 available
[0.013s][info][gc,init] Memory: 32386M
[0.013s][info][gc,init] Large Page Support: Disabled
[0.013s][info][gc,init] NUMA Support: Disabled
[0.013s][info][gc,init] Compressed Oops: Enabled (32-bit)
[0.013s][info][gc,init] Heap Region Size: 1M
[0.013s][info][gc,init] Heap Min Capacity: 2G
[0.013s][info][gc,init] Heap Initial Capacity: 2G
[0.013s][info][gc,init] Heap Max Capacity: 2G
[0.013s][info][gc,init] Pre-touch: Disabled
[0.013s][info][gc,init] Parallel Workers: 23
[0.013s][info][gc,init] Concurrent Workers: 6
[0.013s][info][gc,init] Concurrent Refinement Workers: 23
[0.017s][info][gc,init] Periodic GC: Disabled
[0.028s][info][gc,metaspace] CDS archive(s) mapped at: [0x0000028803000000-0x0000028803c90000-0x0000028803c90000), size 13172736, SharedBaseAddress: 0x0000028803000000, ArchiveRelocationMode: 1.
[0.028s][info][gc,metaspace] Compressed class space mapped at: 0x0000028804000000-0x0000028844000000, reserved size: 1073741824
[0.028s][info][gc,metaspace] Narrow klass base: 0x0000028803000000, Narrow klass shift: 0, Narrow klass range: 0x100000000
[1.056s][info][safepoint   ] Safepoint "Cleanup", Time since last: 1025034500 ns, Reaching safepoint: 54200 ns, Cleanup: 18200 ns, At safepoint: 8700 ns, Total: 81100 ns
[2.014s][info][gc,start    ] GC(0) Pause Young (Normal) (G1 Evacuation Pause)
[2.015s][info][gc,task     ] GC(0) Using 23 workers of 23 for evacuation
[2.021s][info][gc,phases   ] GC(0)   Pre Evacuate Collection Set: 0.7ms
[2.021s][info][gc,phases   ] GC(0)   Merge Heap Roots: 0.4ms
[2.021s][info][gc,phases   ] GC(0)   Evacuate Collection Set: 4.0ms
[2.021s][info][gc,phases   ] GC(0)   Post Evacuate Collection Set: 0.7ms
[2.021s][info][gc,phases   ] GC(0)   Other: 1.0ms
[2.021s][info][gc,heap     ] GC(0) Eden regions: 1024->0(1022)
[2.021s][info][gc,heap     ] GC(0) Survivor regions: 0->2(128)
[2.021s][info][gc,heap     ] GC(0) Old regions: 0->0
[2.021s][info][gc,heap     ] GC(0) Humongous regions: 0->0
[2.021s][info][gc,metaspace] GC(0) Metaspace: 1339K(1472K)->1339K(1472K) NonClass: 1231K(1280K)->1231K(1280K) Class: 107K(192K)->107K(192K)
[2.021s][info][gc          ] GC(0) Pause Young (Normal) (G1 Evacuation Pause) 1024M->1M(2048M) 7.028ms
[2.021s][info][gc,cpu      ] GC(0) User=0.00s Sys=0.00s Real=0.01s
[2.022s][info][safepoint   ] Safepoint "G1CollectForAllocation", Time since last: 958818600 ns, Reaching safepoint: 7800 ns, Cleanup: 16800 ns, At safepoint: 7072800 ns, Total: 7097400 ns
[3.903s][info][gc,start    ] GC(1) Pause Young (Normal) (G1 Evacuation Pause)
[3.903s][info][gc,task     ] GC(1) Using 23 workers of 23 for evacuation
[3.909s][info][gc,phases   ] GC(1)   Pre Evacuate Collection Set: 1.1ms
[3.909s][info][gc,phases   ] GC(1)   Merge Heap Roots: 0.7ms
[3.909s][info][gc,phases   ] GC(1)   Evacuate Collection Set: 2.6ms
[3.909s][info][gc,phases   ] GC(1)   Post Evacuate Collection Set: 1.2ms
[3.909s][info][gc,phases   ] GC(1)   Other: 0.1ms
[3.909s][info][gc,heap     ] GC(1) Eden regions: 1022->0(1022)
[3.909s][info][gc,heap     ] GC(1) Survivor regions: 2->2(128)
[3.909s][info][gc,heap     ] GC(1) Old regions: 0->0
[3.909s][info][gc,heap     ] GC(1) Humongous regions: 0->0
[3.909s][info][gc,metaspace] GC(1) Metaspace: 1340K(1472K)->1340K(1472K) NonClass: 1232K(1280K)->1232K(1280K) Class: 107K(192K)->107K(192K)
[3.909s][info][gc          ] GC(1) Pause Young (Normal) (G1 Evacuation Pause) 1023M->1M(2048M) 5.904ms
[3.909s][info][gc,cpu      ] GC(1) User=0.00s Sys=0.00s Real=0.01s
[3.909s][info][safepoint   ] Safepoint "G1CollectForAllocation", Time since last: 1881428600 ns, Reaching safepoint: 5600 ns, Cleanup: 4500 ns, At safepoint: 5958900 ns, Total: 5969000 ns
[5.831s][info][gc,start    ] GC(2) Pause Young (Normal) (G1 Evacuation Pause)
[5.831s][info][gc,task     ] GC(2) Using 23 workers of 23 for evacuation
[5.835s][info][gc,phases   ] GC(2)   Pre Evacuate Collection Set: 0.5ms
[5.836s][info][gc,phases   ] GC(2)   Merge Heap Roots: 0.4ms
[5.836s][info][gc,phases   ] GC(2)   Evacuate Collection Set: 2.6ms
[5.836s][info][gc,phases   ] GC(2)   Post Evacuate Collection Set: 0.9ms
[5.836s][info][gc,phases   ] GC(2)   Other: 0.1ms
[5.836s][info][gc,heap     ] GC(2) Eden regions: 1022->0(1022)
[5.836s][info][gc,heap     ] GC(2) Survivor regions: 2->2(128)
[5.836s][info][gc,heap     ] GC(2) Old regions: 0->0
[5.836s][info][gc,heap     ] GC(2) Humongous regions: 0->0
[5.836s][info][gc,metaspace] GC(2) Metaspace: 1340K(1472K)->1340K(1472K) NonClass: 1232K(1280K)->1232K(1280K) Class: 107K(192K)->107K(192K)
[5.836s][info][gc          ] GC(2) Pause Young (Normal) (G1 Evacuation Pause) 1023M->1M(2048M) 4.659ms
[5.836s][info][gc,cpu      ] GC(2) User=0.00s Sys=0.00s Real=0.00s
[5.836s][info][safepoint   ] Safepoint "G1CollectForAllocation", Time since last: 1922048000 ns, Reaching safepoint: 4500 ns, Cleanup: 3800 ns, At safepoint: 4702300 ns, Total: 4710600 ns
[7.767s][info][gc,start    ] GC(3) Pause Young (Normal) (G1 Evacuation Pause)
[7.767s][info][gc,task     ] GC(3) Using 23 workers of 23 for evacuation
[7.774s][info][gc,phases   ] GC(3)   Pre Evacuate Collection Set: 1.1ms
[7.774s][info][gc,phases   ] GC(3)   Merge Heap Roots: 0.6ms
[7.774s][info][gc,phases   ] GC(3)   Evacuate Collection Set: 3.5ms
[7.774s][info][gc,phases   ] GC(3)   Post Evacuate Collection Set: 1.2ms
[7.774s][info][gc,phases   ] GC(3)   Other: 0.2ms
[7.774s][info][gc,heap     ] GC(3) Eden regions: 1022->0(1022)
[7.774s][info][gc,heap     ] GC(3) Survivor regions: 2->2(128)
[7.774s][info][gc,heap     ] GC(3) Old regions: 0->0
[7.774s][info][gc,heap     ] GC(3) Humongous regions: 0->0
[7.774s][info][gc,metaspace] GC(3) Metaspace: 1340K(1472K)->1340K(1472K) NonClass: 1232K(1280K)->1232K(1280K) Class: 107K(192K)->107K(192K)
[7.774s][info][gc          ] GC(3) Pause Young (Normal) (G1 Evacuation Pause) 1023M->1M(2048M) 7.013ms
[7.774s][info][gc,cpu      ] GC(3) User=0.00s Sys=0.00s Real=0.01s
[7.774s][info][safepoint   ] Safepoint "G1CollectForAllocation", Time since last: 1930989100 ns, Reaching safepoint: 9600 ns, Cleanup: 8800 ns, At safepoint: 7086400 ns, Total: 7104800 ns
[9.742s][info][gc,start    ] GC(4) Pause Young (Normal) (G1 Evacuation Pause)
[9.742s][info][gc,task     ] GC(4) Using 23 workers of 23 for evacuation
[9.748s][info][gc,phases   ] GC(4)   Pre Evacuate Collection Set: 0.9ms
[9.748s][info][gc,phases   ] GC(4)   Merge Heap Roots: 0.5ms
[9.748s][info][gc,phases   ] GC(4)   Evacuate Collection Set: 2.9ms
[9.748s][info][gc,phases   ] GC(4)   Post Evacuate Collection Set: 1.2ms
[9.748s][info][gc,phases   ] GC(4)   Other: 0.1ms
[9.748s][info][gc,heap     ] GC(4) Eden regions: 1022->0(1022)
[9.748s][info][gc,heap     ] GC(4) Survivor regions: 2->2(128)
[9.748s][info][gc,heap     ] GC(4) Old regions: 0->0
[9.748s][info][gc,heap     ] GC(4) Humongous regions: 0->0
[9.748s][info][gc,metaspace] GC(4) Metaspace: 1340K(1472K)->1340K(1472K) NonClass: 1232K(1280K)->1232K(1280K) Class: 107K(192K)->107K(192K)
[9.748s][info][gc          ] GC(4) Pause Young (Normal) (G1 Evacuation Pause) 1023M->1M(2048M) 6.000ms
[9.748s][info][gc,cpu      ] GC(4) User=0.02s Sys=0.00s Real=0.01s
[9.748s][info][safepoint   ] Safepoint "G1CollectForAllocation", Time since last: 1968496200 ns, Reaching safepoint: 5400 ns, Cleanup: 5200 ns, At safepoint: 6098000 ns, Total: 6108600 ns
[11.695s][info][gc,start    ] GC(5) Pause Young (Normal) (G1 Evacuation Pause)
[11.695s][info][gc,task     ] GC(5) Using 23 workers of 23 for evacuation
[11.701s][info][gc,phases   ] GC(5)   Pre Evacuate Collection Set: 0.7ms
[11.701s][info][gc,phases   ] GC(5)   Merge Heap Roots: 0.4ms
[11.701s][info][gc,phases   ] GC(5)   Evacuate Collection Set: 3.6ms
[11.701s][info][gc,phases   ] GC(5)   Post Evacuate Collection Set: 1.2ms
[11.701s][info][gc,phases   ] GC(5)   Other: 0.2ms
[11.701s][info][gc,heap     ] GC(5) Eden regions: 1022->0(1022)
[11.701s][info][gc,heap     ] GC(5) Survivor regions: 2->2(128)
[11.701s][info][gc,heap     ] GC(5) Old regions: 0->0
[11.701s][info][gc,heap     ] GC(5) Humongous regions: 0->0
[11.701s][info][gc,metaspace] GC(5) Metaspace: 1340K(1472K)->1340K(1472K) NonClass: 1232K(1280K)->1232K(1280K) Class: 107K(192K)->107K(192K)
[11.701s][info][gc          ] GC(5) Pause Young (Normal) (G1 Evacuation Pause) 1023M->1M(2048M) 6.427ms
[11.701s][info][gc,cpu      ] GC(5) User=0.02s Sys=0.00s Real=0.01s
[11.701s][info][safepoint   ] Safepoint "G1CollectForAllocation", Time since last: 1946111800 ns, Reaching safepoint: 5400 ns, Cleanup: 5400 ns, At safepoint: 6486000 ns, Total: 6496800 ns
[13.686s][info][gc,start    ] GC(6) Pause Young (Normal) (G1 Evacuation Pause)
[13.686s][info][gc,task     ] GC(6) Using 23 workers of 23 for evacuation
[13.689s][info][gc,phases   ] GC(6)   Pre Evacuate Collection Set: 0.5ms
[13.690s][info][gc,phases   ] GC(6)   Merge Heap Roots: 0.4ms
[13.690s][info][gc,phases   ] GC(6)   Evacuate Collection Set: 1.9ms
[13.690s][info][gc,phases   ] GC(6)   Post Evacuate Collection Set: 0.8ms
[13.690s][info][gc,phases   ] GC(6)   Other: 0.1ms
[13.690s][info][gc,heap     ] GC(6) Eden regions: 1022->0(1022)
[13.690s][info][gc,heap     ] GC(6) Survivor regions: 2->2(128)
[13.690s][info][gc,heap     ] GC(6) Old regions: 0->0
[13.690s][info][gc,heap     ] GC(6) Humongous regions: 0->0
[13.690s][info][gc,metaspace] GC(6) Metaspace: 1340K(1472K)->1340K(1472K) NonClass: 1232K(1280K)->1232K(1280K) Class: 107K(192K)->107K(192K)
[13.690s][info][gc          ] GC(6) Pause Young (Normal) (G1 Evacuation Pause) 1023M->1M(2048M) 3.912ms
[13.690s][info][gc,cpu      ] GC(6) User=0.00s Sys=0.00s Real=0.00s
[13.690s][info][safepoint   ] Safepoint "G1CollectForAllocation", Time since last: 1984711100 ns, Reaching safepoint: 3300 ns, Cleanup: 3600 ns, At safepoint: 3953600 ns, Total: 3960500 ns
[15.657s][info][gc,start    ] GC(7) Pause Young (Normal) (G1 Evacuation Pause)
[15.657s][info][gc,task     ] GC(7) Using 23 workers of 23 for evacuation
[15.663s][info][gc,phases   ] GC(7)   Pre Evacuate Collection Set: 0.9ms
[15.663s][info][gc,phases   ] GC(7)   Merge Heap Roots: 0.4ms
[15.663s][info][gc,phases   ] GC(7)   Evacuate Collection Set: 2.9ms
[15.663s][info][gc,phases   ] GC(7)   Post Evacuate Collection Set: 1.2ms
[15.663s][info][gc,phases   ] GC(7)   Other: 0.1ms
[15.663s][info][gc,heap     ] GC(7) Eden regions: 1022->0(1022)
[15.663s][info][gc,heap     ] GC(7) Survivor regions: 2->2(128)
[15.663s][info][gc,heap     ] GC(7) Old regions: 0->0
[15.663s][info][gc,heap     ] GC(7) Humongous regions: 0->0
[15.663s][info][gc,metaspace] GC(7) Metaspace: 1340K(1472K)->1340K(1472K) NonClass: 1232K(1280K)->1232K(1280K) Class: 107K(192K)->107K(192K)
[15.663s][info][gc          ] GC(7) Pause Young (Normal) (G1 Evacuation Pause) 1023M->1M(2048M) 5.730ms
[15.663s][info][gc,cpu      ] GC(7) User=0.00s Sys=0.00s Real=0.01s
[15.663s][info][safepoint   ] Safepoint "G1CollectForAllocation", Time since last: 1967370000 ns, Reaching safepoint: 6700 ns, Cleanup: 7700 ns, At safepoint: 5784600 ns, Total: 5799000 ns
[17.626s][info][gc,start    ] GC(8) Pause Young (Normal) (G1 Evacuation Pause)
[17.627s][info][gc,task     ] GC(8) Using 23 workers of 23 for evacuation
[17.629s][info][gc,phases   ] GC(8)   Pre Evacuate Collection Set: 0.3ms
[17.629s][info][gc,phases   ] GC(8)   Merge Heap Roots: 0.1ms
[17.629s][info][gc,phases   ] GC(8)   Evacuate Collection Set: 1.4ms
[17.629s][info][gc,phases   ] GC(8)   Post Evacuate Collection Set: 0.7ms
[17.629s][info][gc,phases   ] GC(8)   Other: 0.1ms
[17.629s][info][gc,heap     ] GC(8) Eden regions: 1022->0(1022)
[17.629s][info][gc,heap     ] GC(8) Survivor regions: 2->2(128)
[17.629s][info][gc,heap     ] GC(8) Old regions: 0->0
[17.629s][info][gc,heap     ] GC(8) Humongous regions: 0->0
[17.629s][info][gc,metaspace] GC(8) Metaspace: 1340K(1472K)->1340K(1472K) NonClass: 1232K(1280K)->1232K(1280K) Class: 107K(192K)->107K(192K)
[17.629s][info][gc          ] GC(8) Pause Young (Normal) (G1 Evacuation Pause) 1023M->1M(2048M) 2.765ms
[17.629s][info][gc,cpu      ] GC(8) User=0.00s Sys=0.00s Real=0.00s
[17.629s][info][safepoint   ] Safepoint "G1CollectForAllocation", Time since last: 1963581300 ns, Reaching safepoint: 3900 ns, Cleanup: 3000 ns, At safepoint: 2806700 ns, Total: 2813600 ns
[19.544s][info][gc,start    ] GC(9) Pause Young (Normal) (G1 Evacuation Pause)
[19.544s][info][gc,task     ] GC(9) Using 23 workers of 23 for evacuation
[19.549s][info][gc,phases   ] GC(9)   Pre Evacuate Collection Set: 0.6ms
[19.549s][info][gc,phases   ] GC(9)   Merge Heap Roots: 0.5ms
[19.549s][info][gc,phases   ] GC(9)   Evacuate Collection Set: 2.3ms
[19.549s][info][gc,phases   ] GC(9)   Post Evacuate Collection Set: 1.0ms
[19.549s][info][gc,phases   ] GC(9)   Other: 0.1ms
[19.549s][info][gc,heap     ] GC(9) Eden regions: 1022->0(1022)
[19.549s][info][gc,heap     ] GC(9) Survivor regions: 2->2(128)
[19.549s][info][gc,heap     ] GC(9) Old regions: 0->0
[19.549s][info][gc,heap     ] GC(9) Humongous regions: 0->0
[19.549s][info][gc,metaspace] GC(9) Metaspace: 1340K(1472K)->1340K(1472K) NonClass: 1232K(1280K)->1232K(1280K) Class: 107K(192K)->107K(192K)
[19.549s][info][gc          ] GC(9) Pause Young (Normal) (G1 Evacuation Pause) 1023M->1M(2048M) 4.800ms
[19.549s][info][gc,cpu      ] GC(9) User=0.00s Sys=0.00s Real=0.01s
[19.549s][info][safepoint   ] Safepoint "G1CollectForAllocation", Time since last: 1915000000 ns, Reaching safepoint: 4700 ns, Cleanup: 5500 ns, At safepoint: 4852200 ns, Total: 4862400 ns
[21.502s][info][gc,start    ] GC(10) Pause Young (Normal) (G1 Evacuation Pause)
[21.502s][info][gc,task     ] GC(10) Using 23 workers of 23 for evacuation
[21.507s][info][gc,phases   ] GC(10)   Pre Evacuate Collection Set: 0.8ms
[21.507s][info][gc,phases   ] GC(10)   Merge Heap Roots: 0.6ms
[21.507s][info][gc,phases   ] GC(10)   Evacuate Collection Set: 2.4ms
[21.507s][info][gc,phases   ] GC(10)   Post Evacuate Collection Set: 0.9ms
[21.507s][info][gc,phases   ] GC(10)   Other: 0.2ms
[21.507s][info][gc,heap     ] GC(10) Eden regions: 1022->0(1022)
[21.507s][info][gc,heap     ] GC(10) Survivor regions: 2->2(128)
[21.507s][info][gc,heap     ] GC(10) Old regions: 0->0
[21.507s][info][gc,heap     ] GC(10) Humongous regions: 0->0
[21.507s][info][gc,metaspace] GC(10) Metaspace: 1340K(1472K)->1340K(1472K) NonClass: 1232K(1280K)->1232K(1280K) Class: 107K(192K)->107K(192K)
[21.507s][info][gc          ] GC(10) Pause Young (Normal) (G1 Evacuation Pause) 1023M->1M(2048M) 5.146ms
[21.507s][info][gc,cpu      ] GC(10) User=0.00s Sys=0.00s Real=0.01s
[21.507s][info][safepoint   ] Safepoint "G1CollectForAllocation", Time since last: 1952846900 ns, Reaching safepoint: 6400 ns, Cleanup: 7100 ns, At safepoint: 5202200 ns, Total: 5215700 ns
[27.671s][info][gc,start    ] GC(11) Pause Young (Normal) (G1 Evacuation Pause)
[27.671s][info][gc,task     ] GC(11) Using 23 workers of 23 for evacuation
[27.687s][info][gc,phases   ] GC(11)   Pre Evacuate Collection Set: 1.0ms
[27.687s][info][gc,phases   ] GC(11)   Merge Heap Roots: 1.0ms
[27.687s][info][gc,phases   ] GC(11)   Evacuate Collection Set: 9.7ms
[27.687s][info][gc,phases   ] GC(11)   Post Evacuate Collection Set: 3.8ms
[27.687s][info][gc,phases   ] GC(11)   Other: 0.2ms
[27.687s][info][gc,heap     ] GC(11) Eden regions: 1022->0(1022)
[27.687s][info][gc,heap     ] GC(11) Survivor regions: 2->2(128)
[27.687s][info][gc,heap     ] GC(11) Old regions: 0->0
[27.687s][info][gc,heap     ] GC(11) Humongous regions: 0->0
[27.687s][info][gc,metaspace] GC(11) Metaspace: 1340K(1472K)->1340K(1472K) NonClass: 1232K(1280K)->1232K(1280K) Class: 107K(192K)->107K(192K)
[27.688s][info][gc          ] GC(11) Pause Young (Normal) (G1 Evacuation Pause) 1023M->1M(2048M) 16.358ms
[27.688s][info][gc,cpu      ] GC(11) User=0.00s Sys=0.00s Real=0.02s
[27.688s][info][safepoint   ] Safepoint "G1CollectForAllocation", Time since last: 6164019900 ns, Reaching safepoint: 6000 ns, Cleanup: 6200 ns, At safepoint: 16476400 ns, Total: 16488600 ns
[40.047s][info][gc,start    ] GC(12) Pause Young (Normal) (G1 Evacuation Pause)
[40.047s][info][gc,task     ] GC(12) Using 23 workers of 23 for evacuation
[40.057s][info][gc,phases   ] GC(12)   Pre Evacuate Collection Set: 0.7ms
[40.057s][info][gc,phases   ] GC(12)   Merge Heap Roots: 0.4ms
[40.057s][info][gc,phases   ] GC(12)   Evacuate Collection Set: 5.6ms
[40.057s][info][gc,phases   ] GC(12)   Post Evacuate Collection Set: 2.7ms
[40.057s][info][gc,phases   ] GC(12)   Other: 0.3ms
[40.057s][info][gc,heap     ] GC(12) Eden regions: 1022->0(1022)
[40.057s][info][gc,heap     ] GC(12) Survivor regions: 2->2(128)
[40.057s][info][gc,heap     ] GC(12) Old regions: 0->0
[40.057s][info][gc,heap     ] GC(12) Humongous regions: 0->0
[40.057s][info][gc,metaspace] GC(12) Metaspace: 1340K(1472K)->1340K(1472K) NonClass: 1232K(1280K)->1232K(1280K) Class: 107K(192K)->107K(192K)
[40.057s][info][gc          ] GC(12) Pause Young (Normal) (G1 Evacuation Pause) 1023M->1M(2048M) 10.496ms
[40.057s][info][gc,cpu      ] GC(12) User=0.00s Sys=0.00s Real=0.01s
[40.057s][info][safepoint   ] Safepoint "G1CollectForAllocation", Time since last: 12359141000 ns, Reaching safepoint: 5600 ns, Cleanup: 5200 ns, At safepoint: 10613900 ns, Total: 10624700 ns
[52.355s][info][gc,start    ] GC(13) Pause Young (Normal) (G1 Evacuation Pause)
[52.355s][info][gc,task     ] GC(13) Using 23 workers of 23 for evacuation
[52.365s][info][gc,phases   ] GC(13)   Pre Evacuate Collection Set: 1.0ms
[52.365s][info][gc,phases   ] GC(13)   Merge Heap Roots: 0.6ms
[52.365s][info][gc,phases   ] GC(13)   Evacuate Collection Set: 5.7ms
[52.365s][info][gc,phases   ] GC(13)   Post Evacuate Collection Set: 2.5ms
[52.365s][info][gc,phases   ] GC(13)   Other: 0.2ms
[52.365s][info][gc,heap     ] GC(13) Eden regions: 1022->0(1022)
[52.365s][info][gc,heap     ] GC(13) Survivor regions: 2->2(128)
[52.365s][info][gc,heap     ] GC(13) Old regions: 0->0
[52.365s][info][gc,heap     ] GC(13) Humongous regions: 0->0
[52.365s][info][gc,metaspace] GC(13) Metaspace: 1340K(1472K)->1340K(1472K) NonClass: 1232K(1280K)->1232K(1280K) Class: 107K(192K)->107K(192K)
[52.366s][info][gc          ] GC(13) Pause Young (Normal) (G1 Evacuation Pause) 1023M->1M(2048M) 10.677ms
[52.366s][info][gc,cpu      ] GC(13) User=0.00s Sys=0.00s Real=0.01s
[52.366s][info][safepoint   ] Safepoint "G1CollectForAllocation", Time since last: 12297381900 ns, Reaching safepoint: 7600 ns, Cleanup: 8100 ns, At safepoint: 10795600 ns, Total: 10811300 ns
[64.714s][info][gc,start    ] GC(14) Pause Young (Normal) (G1 Evacuation Pause)
[64.715s][info][gc,task     ] GC(14) Using 23 workers of 23 for evacuation
[64.724s][info][gc,phases   ] GC(14)   Pre Evacuate Collection Set: 1.1ms
[64.724s][info][gc,phases   ] GC(14)   Merge Heap Roots: 0.6ms
[64.724s][info][gc,phases   ] GC(14)   Evacuate Collection Set: 5.5ms
[64.724s][info][gc,phases   ] GC(14)   Post Evacuate Collection Set: 2.3ms
[64.724s][info][gc,phases   ] GC(14)   Other: 0.2ms
[64.724s][info][gc,heap     ] GC(14) Eden regions: 1022->0(1022)
[64.724s][info][gc,heap     ] GC(14) Survivor regions: 2->2(128)
[64.725s][info][gc,heap     ] GC(14) Old regions: 0->0
[64.725s][info][gc,heap     ] GC(14) Humongous regions: 0->0
[64.725s][info][gc,metaspace] GC(14) Metaspace: 1340K(1472K)->1340K(1472K) NonClass: 1232K(1280K)->1232K(1280K) Class: 107K(192K)->107K(192K)
[64.725s][info][gc          ] GC(14) Pause Young (Normal) (G1 Evacuation Pause) 1023M->1M(2048M) 10.262ms
[64.725s][info][gc,cpu      ] GC(14) User=0.00s Sys=0.00s Real=0.01s
[64.725s][info][safepoint   ] Safepoint "G1CollectForAllocation", Time since last: 12348733200 ns, Reaching safepoint: 7800 ns, Cleanup: 7800 ns, At safepoint: 10376500 ns, Total: 10392100 ns
[77.023s][info][gc,start    ] GC(15) Pause Young (Normal) (G1 Evacuation Pause)
[77.023s][info][gc,task     ] GC(15) Using 23 workers of 23 for evacuation
[77.034s][info][gc,phases   ] GC(15)   Pre Evacuate Collection Set: 1.1ms
[77.035s][info][gc,phases   ] GC(15)   Merge Heap Roots: 0.4ms
[77.035s][info][gc,phases   ] GC(15)   Evacuate Collection Set: 6.7ms
[77.035s][info][gc,phases   ] GC(15)   Post Evacuate Collection Set: 2.5ms
[77.035s][info][gc,phases   ] GC(15)   Other: 0.2ms
[77.035s][info][gc,heap     ] GC(15) Eden regions: 1022->0(1023)
[77.035s][info][gc,heap     ] GC(15) Survivor regions: 2->1(128)
[77.035s][info][gc,heap     ] GC(15) Old regions: 0->2
[77.035s][info][gc,heap     ] GC(15) Humongous regions: 0->0
[77.035s][info][gc,metaspace] GC(15) Metaspace: 1340K(1472K)->1340K(1472K) NonClass: 1232K(1280K)->1232K(1280K) Class: 107K(192K)->107K(192K)
[77.035s][info][gc          ] GC(15) Pause Young (Normal) (G1 Evacuation Pause) 1023M->1M(2048M) 11.652ms
[77.035s][info][gc,cpu      ] GC(15) User=0.00s Sys=0.00s Real=0.01s
[77.035s][info][safepoint   ] Safepoint "G1CollectForAllocation", Time since last: 12298473500 ns, Reaching safepoint: 9600 ns, Cleanup: 10000 ns, At safepoint: 11776200 ns, Total: 11795800 ns
[89.292s][info][gc,start    ] GC(16) Pause Young (Normal) (G1 Evacuation Pause)
[89.292s][info][gc,task     ] GC(16) Using 23 workers of 23 for evacuation
[89.298s][info][gc,phases   ] GC(16)   Pre Evacuate Collection Set: 1.0ms
[89.298s][info][gc,phases   ] GC(16)   Merge Heap Roots: 0.7ms
[89.298s][info][gc,phases   ] GC(16)   Evacuate Collection Set: 1.2ms
[89.298s][info][gc,phases   ] GC(16)   Post Evacuate Collection Set: 2.5ms
[89.298s][info][gc,phases   ] GC(16)   Other: 0.2ms
[89.298s][info][gc,heap     ] GC(16) Eden regions: 1023->0(1023)
[89.298s][info][gc,heap     ] GC(16) Survivor regions: 1->1(128)
[89.298s][info][gc,heap     ] GC(16) Old regions: 2->2
[89.298s][info][gc,heap     ] GC(16) Humongous regions: 0->0
[89.298s][info][gc,metaspace] GC(16) Metaspace: 1340K(1472K)->1340K(1472K) NonClass: 1232K(1280K)->1232K(1280K) Class: 107K(192K)->107K(192K)
[89.298s][info][gc          ] GC(16) Pause Young (Normal) (G1 Evacuation Pause) 1024M->1M(2048M) 6.231ms
[89.299s][info][gc,cpu      ] GC(16) User=0.00s Sys=0.00s Real=0.01s
[89.299s][info][safepoint   ] Safepoint "G1CollectForAllocation", Time since last: 12257220400 ns, Reaching safepoint: 6500 ns, Cleanup: 7500 ns, At safepoint: 6364000 ns, Total: 6378000 ns
[101.673s][info][gc,start    ] GC(17) Pause Young (Normal) (G1 Evacuation Pause)
[101.674s][info][gc,task     ] GC(17) Using 23 workers of 23 for evacuation
[101.678s][info][gc,phases   ] GC(17)   Pre Evacuate Collection Set: 0.8ms
[101.678s][info][gc,phases   ] GC(17)   Merge Heap Roots: 0.7ms
[101.679s][info][gc,phases   ] GC(17)   Evacuate Collection Set: 1.1ms
[101.679s][info][gc,phases   ] GC(17)   Post Evacuate Collection Set: 1.9ms
[101.679s][info][gc,phases   ] GC(17)   Other: 0.3ms
[101.679s][info][gc,heap     ] GC(17) Eden regions: 1023->0(1023)
[101.679s][info][gc,heap     ] GC(17) Survivor regions: 1->1(128)
[101.679s][info][gc,heap     ] GC(17) Old regions: 2->2
[101.679s][info][gc,heap     ] GC(17) Humongous regions: 0->0
[101.679s][info][gc,metaspace] GC(17) Metaspace: 1340K(1472K)->1340K(1472K) NonClass: 1232K(1280K)->1232K(1280K) Class: 107K(192K)->107K(192K)
[101.679s][info][gc          ] GC(17) Pause Young (Normal) (G1 Evacuation Pause) 1024M->1M(2048M) 5.461ms
[101.679s][info][gc,cpu      ] GC(17) User=0.00s Sys=0.00s Real=0.01s
[101.679s][info][safepoint   ] Safepoint "G1CollectForAllocation", Time since last: 12374740700 ns, Reaching safepoint: 6100 ns, Cleanup: 8800 ns, At safepoint: 5588000 ns, Total: 5602900 ns
[114.006s][info][gc,start    ] GC(18) Pause Young (Normal) (G1 Evacuation Pause)
[114.006s][info][gc,task     ] GC(18) Using 23 workers of 23 for evacuation
[114.010s][info][gc,phases   ] GC(18)   Pre Evacuate Collection Set: 0.9ms
[114.010s][info][gc,phases   ] GC(18)   Merge Heap Roots: 0.5ms
[114.010s][info][gc,phases   ] GC(18)   Evacuate Collection Set: 0.8ms
[114.011s][info][gc,phases   ] GC(18)   Post Evacuate Collection Set: 2.0ms
[114.011s][info][gc,phases   ] GC(18)   Other: 0.3ms
[114.011s][info][gc,heap     ] GC(18) Eden regions: 1023->0(1023)
[114.011s][info][gc,heap     ] GC(18) Survivor regions: 1->1(128)
[114.011s][info][gc,heap     ] GC(18) Old regions: 2->2
[114.011s][info][gc,heap     ] GC(18) Humongous regions: 0->0
[114.011s][info][gc,metaspace] GC(18) Metaspace: 1340K(1472K)->1340K(1472K) NonClass: 1232K(1280K)->1232K(1280K) Class: 107K(192K)->107K(192K)
[114.011s][info][gc          ] GC(18) Pause Young (Normal) (G1 Evacuation Pause) 1024M->1M(2048M) 5.035ms
[114.011s][info][gc,cpu      ] GC(18) User=0.00s Sys=0.02s Real=0.00s
[114.011s][info][safepoint   ] Safepoint "G1CollectForAllocation", Time since last: 12326802600 ns, Reaching safepoint: 7000 ns, Cleanup: 7500 ns, At safepoint: 5166500 ns, Total: 5181000 ns
[126.380s][info][gc,start    ] GC(19) Pause Young (Normal) (G1 Evacuation Pause)
[126.380s][info][gc,task     ] GC(19) Using 23 workers of 23 for evacuation
[126.387s][info][gc,phases   ] GC(19)   Pre Evacuate Collection Set: 1.0ms
[126.387s][info][gc,phases   ] GC(19)   Merge Heap Roots: 0.6ms
[126.387s][info][gc,phases   ] GC(19)   Evacuate Collection Set: 1.0ms
[126.387s][info][gc,phases   ] GC(19)   Post Evacuate Collection Set: 4.2ms
[126.387s][info][gc,phases   ] GC(19)   Other: 0.2ms
[126.388s][info][gc,heap     ] GC(19) Eden regions: 1023->0(1023)
[126.388s][info][gc,heap     ] GC(19) Survivor regions: 1->1(128)
[126.388s][info][gc,heap     ] GC(19) Old regions: 2->2
[126.388s][info][gc,heap     ] GC(19) Humongous regions: 0->0
[126.388s][info][gc,metaspace] GC(19) Metaspace: 1340K(1472K)->1340K(1472K) NonClass: 1232K(1280K)->1232K(1280K) Class: 107K(192K)->107K(192K)
[126.388s][info][gc          ] GC(19) Pause Young (Normal) (G1 Evacuation Pause) 1024M->1M(2048M) 7.783ms
[126.388s][info][gc,cpu      ] GC(19) User=0.00s Sys=0.00s Real=0.01s
[126.388s][info][safepoint   ] Safepoint "G1CollectForAllocation", Time since last: 12368935700 ns, Reaching safepoint: 8700 ns, Cleanup: 39500 ns, At safepoint: 7914700 ns, Total: 7962900 ns
[138.707s][info][gc,start    ] GC(20) Pause Young (Normal) (G1 Evacuation Pause)
[138.707s][info][gc,task     ] GC(20) Using 23 workers of 23 for evacuation
[138.711s][info][gc,phases   ] GC(20)   Pre Evacuate Collection Set: 0.7ms
[138.711s][info][gc,phases   ] GC(20)   Merge Heap Roots: 0.7ms
[138.711s][info][gc,phases   ] GC(20)   Evacuate Collection Set: 1.2ms
[138.711s][info][gc,phases   ] GC(20)   Post Evacuate Collection Set: 1.6ms
[138.711s][info][gc,phases   ] GC(20)   Other: 0.2ms
[138.711s][info][gc,heap     ] GC(20) Eden regions: 1023->0(1023)
[138.711s][info][gc,heap     ] GC(20) Survivor regions: 1->1(128)
[138.712s][info][gc,heap     ] GC(20) Old regions: 2->2
[138.712s][info][gc,heap     ] GC(20) Humongous regions: 0->0
[138.712s][info][gc,metaspace] GC(20) Metaspace: 1340K(1472K)->1340K(1472K) NonClass: 1232K(1280K)->1232K(1280K) Class: 107K(192K)->107K(192K)
[138.712s][info][gc          ] GC(20) Pause Young (Normal) (G1 Evacuation Pause) 1024M->1M(2048M) 4.908ms
[138.712s][info][gc,cpu      ] GC(20) User=0.00s Sys=0.00s Real=0.01s
[138.712s][info][safepoint   ] Safepoint "G1CollectForAllocation", Time since last: 12318861900 ns, Reaching safepoint: 7500 ns, Cleanup: 7300 ns, At safepoint: 5025500 ns, Total: 5040300 ns
[151.063s][info][gc,start    ] GC(21) Pause Young (Normal) (G1 Evacuation Pause)
[151.063s][info][gc,task     ] GC(21) Using 23 workers of 23 for evacuation
[151.069s][info][gc,phases   ] GC(21)   Pre Evacuate Collection Set: 1.1ms
[151.069s][info][gc,phases   ] GC(21)   Merge Heap Roots: 0.6ms
[151.069s][info][gc,phases   ] GC(21)   Evacuate Collection Set: 1.0ms
[151.069s][info][gc,phases   ] GC(21)   Post Evacuate Collection Set: 3.4ms
[151.069s][info][gc,phases   ] GC(21)   Other: 0.2ms
[151.069s][info][gc,heap     ] GC(21) Eden regions: 1023->0(1023)
[151.069s][info][gc,heap     ] GC(21) Survivor regions: 1->1(128)
[151.069s][info][gc,heap     ] GC(21) Old regions: 2->2
[151.069s][info][gc,heap     ] GC(21) Humongous regions: 0->0
[151.069s][info][gc,metaspace] GC(21) Metaspace: 1340K(1472K)->1340K(1472K) NonClass: 1232K(1280K)->1232K(1280K) Class: 107K(192K)->107K(192K)
[151.070s][info][gc          ] GC(21) Pause Young (Normal) (G1 Evacuation Pause) 1024M->1M(2048M) 6.950ms
[151.070s][info][gc,cpu      ] GC(21) User=0.00s Sys=0.00s Real=0.01s
[151.070s][info][safepoint   ] Safepoint "G1CollectForAllocation", Time since last: 12350812500 ns, Reaching safepoint: 7100 ns, Cleanup: 7900 ns, At safepoint: 7101600 ns, Total: 7116600 ns
[163.566s][info][gc,start    ] GC(22) Pause Young (Normal) (G1 Evacuation Pause)
[163.566s][info][gc,task     ] GC(22) Using 23 workers of 23 for evacuation
[163.570s][info][gc,phases   ] GC(22)   Pre Evacuate Collection Set: 0.9ms
[163.570s][info][gc,phases   ] GC(22)   Merge Heap Roots: 0.5ms
[163.570s][info][gc,phases   ] GC(22)   Evacuate Collection Set: 0.9ms
[163.570s][info][gc,phases   ] GC(22)   Post Evacuate Collection Set: 1.7ms
[163.570s][info][gc,phases   ] GC(22)   Other: 0.3ms
[163.570s][info][gc,heap     ] GC(22) Eden regions: 1023->0(1023)
[163.570s][info][gc,heap     ] GC(22) Survivor regions: 1->1(128)
[163.571s][info][gc,heap     ] GC(22) Old regions: 2->2
[163.571s][info][gc,heap     ] GC(22) Humongous regions: 0->0
[163.571s][info][gc,metaspace] GC(22) Metaspace: 1340K(1472K)->1340K(1472K) NonClass: 1232K(1280K)->1232K(1280K) Class: 107K(192K)->107K(192K)
[163.571s][info][gc          ] GC(22) Pause Young (Normal) (G1 Evacuation Pause) 1024M->1M(2048M) 4.769ms
[163.571s][info][gc,cpu      ] GC(22) User=0.00s Sys=0.00s Real=0.01s
[163.571s][info][safepoint   ] Safepoint "G1CollectForAllocation", Time since last: 12496193600 ns, Reaching safepoint: 7500 ns, Cleanup: 8800 ns, At safepoint: 4891400 ns, Total: 4907700 ns
[175.852s][info][gc,start    ] GC(23) Pause Young (Normal) (G1 Evacuation Pause)
[175.852s][info][gc,task     ] GC(23) Using 23 workers of 23 for evacuation
[175.857s][info][gc,phases   ] GC(23)   Pre Evacuate Collection Set: 1.0ms
[175.857s][info][gc,phases   ] GC(23)   Merge Heap Roots: 1.0ms
[175.857s][info][gc,phases   ] GC(23)   Evacuate Collection Set: 0.9ms
[175.857s][info][gc,phases   ] GC(23)   Post Evacuate Collection Set: 1.8ms
[175.857s][info][gc,phases   ] GC(23)   Other: 0.2ms
[175.857s][info][gc,heap     ] GC(23) Eden regions: 1023->0(1023)
[175.857s][info][gc,heap     ] GC(23) Survivor regions: 1->1(128)
[175.857s][info][gc,heap     ] GC(23) Old regions: 2->2
[175.857s][info][gc,heap     ] GC(23) Humongous regions: 0->0
[175.857s][info][gc,metaspace] GC(23) Metaspace: 1340K(1472K)->1340K(1472K) NonClass: 1232K(1280K)->1232K(1280K) Class: 107K(192K)->107K(192K)
[175.857s][info][gc          ] GC(23) Pause Young (Normal) (G1 Evacuation Pause) 1024M->1M(2048M) 5.423ms
[175.857s][info][gc,cpu      ] GC(23) User=0.02s Sys=0.00s Real=0.01s
[175.857s][info][safepoint   ] Safepoint "G1CollectForAllocation", Time since last: 12280807900 ns, Reaching safepoint: 30900 ns, Cleanup: 28300 ns, At safepoint: 5552800 ns, Total: 5612000 ns
[284.247s][info][gc,heap,exit] Heap
[284.247s][info][gc,heap,exit]  garbage-first heap   total 2097152K, used 714453K [0x0000000080000000, 0x0000000100000000)
[284.247s][info][gc,heap,exit]   region size 1024K, 697 young (713728K), 1 survivors (1024K)
[284.247s][info][gc,heap,exit]  Metaspace       used 1342K, committed 1472K, reserved 1114112K
[284.247s][info][gc,heap,exit]   class space    used 107K, committed 192K, reserved 1048576K
